Library/PramData/AndroidApplicationController/Cache/com.DefaultCompany.QRgame/gradle-project/launcher/build/intermediates/manifest_merge_blame_file/debug/manifest-merger-blame-debug-report.txt
1<?xml version="1.0" encoding="utf-8"?>
2<manifest xmlns:android="http://schemas.android.com/apk/res/android"
3    package="com.DefaultCompany.QRgame"
4    android:installLocation="preferExternal"
5    android:versionCode="1"
6    android:versionName="0.1" >
7
8    <uses-sdk
9        android:minSdkVersion="22"
9-->src\main\AndroidManifest.xml
10        android:targetSdkVersion="30" />
10-->src\main\AndroidManifest.xml
11
12    <supports-screens
12-->src\main\AndroidManifest.xml:3:3-163
13        android:anyDensity="true"
13-->src\main\AndroidManifest.xml:3:135-160
14        android:largeScreens="true"
14-->src\main\AndroidManifest.xml:3:78-105
15        android:normalScreens="true"
15-->src\main\AndroidManifest.xml:3:49-77
16        android:smallScreens="true"
16-->src\main\AndroidManifest.xml:3:21-48
17        android:xlargeScreens="true" />
17-->src\main\AndroidManifest.xml:3:106-134
18
19    <uses-feature android:glEsVersion="0x00030000" />
19-->[:unityLibrary] AndroidManifest.xml:12:5-54
19-->[:unityLibrary] AndroidManifest.xml:12:19-51
20    <uses-feature
20-->[:unityLibrary] AndroidManifest.xml:13:5-15:36
21        android:name="android.hardware.vulkan.version"
21-->[:unityLibrary] AndroidManifest.xml:14:9-55
22        android:required="false" />
22-->[:unityLibrary] AndroidManifest.xml:15:9-33
23
24    <uses-permission android:name="android.permission.INTERNET" />
24-->[:unityLibrary] AndroidManifest.xml:17:5-67
24-->[:unityLibrary] AndroidManifest.xml:17:22-64
25    <uses-permission android:name="android.permission.CAMERA" />
25-->[:unityLibrary] AndroidManifest.xml:18:5-65
25-->[:unityLibrary] AndroidManifest.xml:18:22-62
26
27    <uses-feature
27-->[:unityLibrary] AndroidManifest.xml:20:5-22:36
28        android:name="android.hardware.camera"
28-->[:unityLibrary] AndroidManifest.xml:21:9-47
29        android:required="false" />
29-->[:unityLibrary] AndroidManifest.xml:22:9-33
30    <uses-feature
30-->[:unityLibrary] AndroidManifest.xml:23:5-25:36
31        android:name="android.hardware.camera.autofocus"
31-->[:unityLibrary] AndroidManifest.xml:24:9-57
32        android:required="false" />
32-->[:unityLibrary] AndroidManifest.xml:25:9-33
33    <uses-feature
33-->[:unityLibrary] AndroidManifest.xml:26:5-28:36
34        android:name="android.hardware.camera.front"
34-->[:unityLibrary] AndroidManifest.xml:27:9-53
35        android:required="false" />
35-->[:unityLibrary] AndroidManifest.xml:28:9-33
36    <uses-feature
36-->[:unityLibrary] AndroidManifest.xml:29:5-31:36
37        android:name="android.hardware.touchscreen"
37-->[:unityLibrary] AndroidManifest.xml:30:9-52
38        android:required="false" />
38-->[:unityLibrary] AndroidManifest.xml:31:9-33
39    <uses-feature
39-->[:unityLibrary] AndroidManifest.xml:32:5-34:36
40        android:name="android.hardware.touchscreen.multitouch"
40-->[:unityLibrary] AndroidManifest.xml:33:9-63
41        android:required="false" />
41-->[:unityLibrary] AndroidManifest.xml:34:9-33
42    <uses-feature
42-->[:unityLibrary] AndroidManifest.xml:35:5-37:36
43        android:name="android.hardware.touchscreen.multitouch.distinct"
43-->[:unityLibrary] AndroidManifest.xml:36:9-72
44        android:required="false" />
44-->[:unityLibrary] AndroidManifest.xml:37:9-33
45
46    <application
46-->src\main\AndroidManifest.xml:4:3-83
47        android:debuggable="true"
48        android:extractNativeLibs="true"
48-->[:unityLibrary] AndroidManifest.xml:39:18-50
49        android:icon="@mipmap/app_icon"
49-->src\main\AndroidManifest.xml:4:49-80
50        android:label="@string/app_name" >
50-->src\main\AndroidManifest.xml:4:16-48
51        <activity
51-->[:unityLibrary] AndroidManifest.xml:40:9-60:20
52            android:name="com.unity3d.player.UnityPlayerActivity"
52-->[:unityLibrary] AndroidManifest.xml:41:13-66
53            android:configChanges="mcc|mnc|locale|touchscreen|keyboard|keyboardHidden|navigation|orientation|screenLayout|uiMode|screenSize|smallestScreenSize|fontScale|layoutDirection|density"
53-->[:unityLibrary] AndroidManifest.xml:42:13-194
54            android:hardwareAccelerated="false"
54-->[:unityLibrary] AndroidManifest.xml:43:13-48
55            android:launchMode="singleTask"
55-->[:unityLibrary] AndroidManifest.xml:44:13-44
56            android:resizeableActivity="false"
56-->[:unityLibrary] AndroidManifest.xml:45:13-47
57            android:screenOrientation="portrait"
57-->[:unityLibrary] AndroidManifest.xml:46:13-49
58            android:theme="@style/UnityThemeSelector" >
58-->[:unityLibrary] AndroidManifest.xml:47:13-54
59            <intent-filter>
59-->[:unityLibrary] AndroidManifest.xml:48:13-52:29
60                <action android:name="android.intent.action.MAIN" />
60-->[:unityLibrary] AndroidManifest.xml:49:17-69
60-->[:unityLibrary] AndroidManifest.xml:49:25-66
61
62                <category android:name="android.intent.category.LAUNCHER" />
62-->[:unityLibrary] AndroidManifest.xml:51:17-77
62-->[:unityLibrary] AndroidManifest.xml:51:27-74
63            </intent-filter>
64
65            <meta-data
65-->[:unityLibrary] AndroidManifest.xml:54:13-56:40
66                android:name="unityplayer.UnityActivity"
66-->[:unityLibrary] AndroidManifest.xml:55:17-57
67                android:value="true" />
67-->[:unityLibrary] AndroidManifest.xml:56:17-37
68            <meta-data
68-->[:unityLibrary] AndroidManifest.xml:57:13-59:40
69                android:name="android.notch_support"
69-->[:unityLibrary] AndroidManifest.xml:58:17-53
70                android:value="true" />
70-->[:unityLibrary] AndroidManifest.xml:59:17-37
71        </activity>
72
73        <meta-data
73-->[:unityLibrary] AndroidManifest.xml:62:9-64:33
74            android:name="unity.splash-mode"
74-->[:unityLibrary] AndroidManifest.xml:63:13-45
75            android:value="0" />
75-->[:unityLibrary] AndroidManifest.xml:64:13-30
76        <meta-data
76-->[:unityLibrary] AndroidManifest.xml:65:9-67:36
77            android:name="unity.splash-enable"
77-->[:unityLibrary] AndroidManifest.xml:66:13-47
78            android:value="True" />
78-->[:unityLibrary] AndroidManifest.xml:67:13-33
79        <meta-data
79-->[:unityLibrary] AndroidManifest.xml:68:9-70:36
80            android:name="unity.launch-fullscreen"
80-->[:unityLibrary] AndroidManifest.xml:69:13-51
81            android:value="True" />
81-->[:unityLibrary] AndroidManifest.xml:70:13-33
82        <meta-data
82-->[:unityLibrary] AndroidManifest.xml:71:9-73:37
83            android:name="unity.allow-resizable-window"
83-->[:unityLibrary] AndroidManifest.xml:72:13-56
84            android:value="False" />
84-->[:unityLibrary] AndroidManifest.xml:73:13-34
85        <meta-data
85-->[:unityLibrary] AndroidManifest.xml:74:9-76:50
86            android:name="notch.config"
86-->[:unityLibrary] AndroidManifest.xml:75:13-40
87            android:value="portrait|landscape" />
87-->[:unityLibrary] AndroidManifest.xml:76:13-47
88    </application>
89
90</manifest>